<?xml version="1.0" encoding="UTF-8"?>
<!-- Generated by org.testng.reporters.JUnitReportReporter -->
<testsuite skipped="0" hostname="user-PC" name="emicalculator.Test.TestClass" tests="8" failures="0" timestamp="2020-07-15T23:35:52 IST" time="20.420" errors="0">
  <testcase name="getTitle" time="0.026" classname="emicalculator.Test.TestClass"/>
  <system-out/>
  <testcase name="selectLoanType" time="3.405" classname="emicalculator.Test.TestClass"/>
  <system-out/>
  <testcase name="selectamount" time="4.808" classname="emicalculator.Test.TestClass"/>
  <system-out/>
  <testcase name="selectInterestRate" time="4.299" classname="emicalculator.Test.TestClass"/>
  <system-out/>
  <testcase name="selectTenure" time="4.319" classname="emicalculator.Test.TestClass"/>
  <system-out/>
  <testcase name="expand" time="3.091" classname="emicalculator.Test.TestClass"/>
  <system-out/>
  <testcase name="screenshot" time="0.143" classname="emicalculator.Test.TestClass"/>
  <system-out/>
  <testcase name="writeDataInExcel" time="0.329" classname="emicalculator.Test.TestClass"/>
  <system-out/>
</testsuite> <!-- emicalculator.Test.TestClass -->
