<?xml version="1.0" encoding="UTF-8"?>
<!-- Generated by org.testng.reporters.JUnitReportReporter -->
<testsuite skipped="0" hostname="user-PC" name="emicalculator.Test.TestClass" tests="8" failures="0" timestamp="2020-07-19T13:07:26 IST" time="25.080" errors="0">
  <testcase name="getTitle" time="0.804" classname="emicalculator.Test.TestClass"/>
  <system-out/>
  <testcase name="selectLoanType" time="3.469" classname="emicalculator.Test.TestClass"/>
  <system-out/>
  <testcase name="selectamount" time="9.159" classname="emicalculator.Test.TestClass"/>
  <system-out/>
  <testcase name="selectInterestRate" time="3.687" classname="emicalculator.Test.TestClass"/>
  <system-out/>
  <testcase name="selectTenure" time="3.376" classname="emicalculator.Test.TestClass"/>
  <system-out/>
  <testcase name="expand" time="3.119" classname="emicalculator.Test.TestClass"/>
  <system-out/>
  <testcase name="screenshot" time="0.506" classname="emicalculator.Test.TestClass"/>
  <system-out/>
  <testcase name="writeDataInExcel" time="0.960" classname="emicalculator.Test.TestClass"/>
  <system-out/>
</testsuite> <!-- emicalculator.Test.TestClass -->
