<?xml version="1.0" encoding="UTF-8"?>
<!-- Generated by org.testng.reporters.JUnitReportReporter -->
<testsuite skipped="0" hostname="user-PC" name="emicalculator.Test.TestClass" tests="8" failures="0" timestamp="2020-08-07T23:25:59 IST" time="21.921" errors="0">
  <testcase name="getTitle" time="0.566" classname="emicalculator.Test.TestClass"/>
  <system-out/>
  <testcase name="selectLoanType" time="3.415" classname="emicalculator.Test.TestClass"/>
  <system-out/>
  <testcase name="selectamount" time="6.027" classname="emicalculator.Test.TestClass"/>
  <system-out/>
  <testcase name="selectInterestRate" time="3.475" classname="emicalculator.Test.TestClass"/>
  <system-out/>
  <testcase name="selectTenure" time="3.420" classname="emicalculator.Test.TestClass"/>
  <system-out/>
  <testcase name="expand" time="3.158" classname="emicalculator.Test.TestClass"/>
  <system-out/>
  <testcase name="screenshot" time="1.249" classname="emicalculator.Test.TestClass"/>
  <system-out/>
  <testcase name="writeDataInExcel" time="0.611" classname="emicalculator.Test.TestClass"/>
  <system-out/>
</testsuite> <!-- emicalculator.Test.TestClass -->
