<?xml version="1.0" encoding="UTF-8"?>
<!-- Generated by org.testng.reporters.JUnitReportReporter -->
<testsuite skipped="0" hostname="user-PC" name="emicalculator.Test.TestClass" tests="8" failures="0" timestamp="2020-07-23T20:40:49 IST" time="20.414" errors="0">
  <testcase name="getTitle" time="0.613" classname="emicalculator.Test.TestClass"/>
  <system-out/>
  <testcase name="selectLoanType" time="3.386" classname="emicalculator.Test.TestClass"/>
  <system-out/>
  <testcase name="selectamount" time="5.478" classname="emicalculator.Test.TestClass"/>
  <system-out/>
  <testcase name="selectInterestRate" time="3.422" classname="emicalculator.Test.TestClass"/>
  <system-out/>
  <testcase name="selectTenure" time="3.432" classname="emicalculator.Test.TestClass"/>
  <system-out/>
  <testcase name="expand" time="3.149" classname="emicalculator.Test.TestClass"/>
  <system-out/>
  <testcase name="screenshot" time="0.474" classname="emicalculator.Test.TestClass"/>
  <system-out/>
  <testcase name="writeDataInExcel" time="0.460" classname="emicalculator.Test.TestClass"/>
  <system-out/>
</testsuite> <!-- emicalculator.Test.TestClass -->
