<?xml version="1.0" encoding="UTF-8"?>
<!-- Generated by org.testng.reporters.JUnitReportReporter -->
<testsuite skipped="0" hostname="user-PC" name="emicalculator.Test.TestClass" tests="8" failures="0" timestamp="2020-07-17T22:31:58 IST" time="23.181" errors="0">
  <testcase name="getTitle" time="0.079" classname="emicalculator.Test.TestClass"/>
  <system-out/>
  <testcase name="selectLoanType" time="3.332" classname="emicalculator.Test.TestClass"/>
  <system-out/>
  <testcase name="selectamount" time="6.367" classname="emicalculator.Test.TestClass"/>
  <system-out/>
  <testcase name="selectInterestRate" time="4.421" classname="emicalculator.Test.TestClass"/>
  <system-out/>
  <testcase name="selectTenure" time="4.337" classname="emicalculator.Test.TestClass"/>
  <system-out/>
  <testcase name="expand" time="3.430" classname="emicalculator.Test.TestClass"/>
  <system-out/>
  <testcase name="screenshot" time="0.501" classname="emicalculator.Test.TestClass"/>
  <system-out/>
  <testcase name="writeDataInExcel" time="0.714" classname="emicalculator.Test.TestClass"/>
  <system-out/>
</testsuite> <!-- emicalculator.Test.TestClass -->
