<?xml version="1.0" encoding="UTF-8"?>
<!-- Generated by org.testng.reporters.JUnitReportReporter -->
<testsuite skipped="0" hostname="user-PC" name="emicalculator.Test.TestClass" tests="8" failures="0" timestamp="2020-08-12T20:29:58 IST" time="19.825" errors="0">
  <testcase name="getTitle" time="0.142" classname="emicalculator.Test.TestClass"/>
  <system-out/>
  <testcase name="selectLoanType" time="3.274" classname="emicalculator.Test.TestClass"/>
  <system-out/>
  <testcase name="selectamount" time="5.382" classname="emicalculator.Test.TestClass"/>
  <system-out/>
  <testcase name="selectInterestRate" time="3.496" classname="emicalculator.Test.TestClass"/>
  <system-out/>
  <testcase name="selectTenure" time="3.454" classname="emicalculator.Test.TestClass"/>
  <system-out/>
  <testcase name="expand" time="3.177" classname="emicalculator.Test.TestClass"/>
  <system-out/>
  <testcase name="screenshot" time="0.409" classname="emicalculator.Test.TestClass"/>
  <system-out/>
  <testcase name="writeDataInExcel" time="0.491" classname="emicalculator.Test.TestClass"/>
  <system-out/>
</testsuite> <!-- emicalculator.Test.TestClass -->
