<?xml version="1.0" encoding="UTF-8"?>
<!-- Generated by org.testng.reporters.JUnitReportReporter -->
<testsuite skipped="0" hostname="user-PC" name="emicalculator.Test.TestClass" tests="8" failures="0" timestamp="2020-07-19T13:37:52 IST" time="20.385" errors="0">
  <testcase name="getTitle" time="0.103" classname="emicalculator.Test.TestClass"/>
  <system-out/>
  <testcase name="selectLoanType" time="3.778" classname="emicalculator.Test.TestClass"/>
  <system-out/>
  <testcase name="selectamount" time="5.502" classname="emicalculator.Test.TestClass"/>
  <system-out/>
  <testcase name="selectInterestRate" time="3.385" classname="emicalculator.Test.TestClass"/>
  <system-out/>
  <testcase name="selectTenure" time="3.479" classname="emicalculator.Test.TestClass"/>
  <system-out/>
  <testcase name="expand" time="3.130" classname="emicalculator.Test.TestClass"/>
  <system-out/>
  <testcase name="screenshot" time="0.404" classname="emicalculator.Test.TestClass"/>
  <system-out/>
  <testcase name="writeDataInExcel" time="0.604" classname="emicalculator.Test.TestClass"/>
  <system-out/>
</testsuite> <!-- emicalculator.Test.TestClass -->
