<?xml version="1.0" encoding="UTF-8"?>
<!-- Generated by org.testng.reporters.JUnitReportReporter -->
<testsuite skipped="0" hostname="user-PC" name="emicalculator.Test.SmokeTest" tests="5" failures="0" timestamp="2020-08-12T20:29:58 IST" time="2.736" errors="0">
  <testcase name="getTitle_smokeTesting" time="0.588" classname="emicalculator.Test.SmokeTest"/>
  <system-out/>
  <testcase name="verifybutton_smokeTesting" time="0.706" classname="emicalculator.Test.SmokeTest"/>
  <system-out/>
  <testcase name="verifySelectamount_smokeTesting" time="0.276" classname="emicalculator.Test.SmokeTest"/>
  <system-out/>
  <testcase name="verifyInterestRate_smokeTesting" time="0.236" classname="emicalculator.Test.SmokeTest"/>
  <system-out/>
  <testcase name="verifyTenure_smokeTesting" time="0.930" classname="emicalculator.Test.SmokeTest"/>
  <system-out/>
</testsuite> <!-- emicalculator.Test.SmokeTest -->
