<?xml version="1.0" encoding="UTF-8"?>
<!-- Generated by org.testng.reporters.JUnitReportReporter -->
<testsuite skipped="0" hostname="user-PC" name="emicalculator.Test.SmokeTest" tests="6" failures="0" timestamp="2020-08-29T13:03:12 IST" time="9.069" errors="0">
  <testcase name="getTitle_smokeTesting" time="0.623" classname="emicalculator.Test.SmokeTest"/>
  <system-out/>
  <testcase name="verifybutton_smokeTesting" time="0.460" classname="emicalculator.Test.SmokeTest"/>
  <system-out/>
  <testcase name="selectLoanType" time="7.619" classname="emicalculator.Test.SmokeTest"/>
  <system-out/>
  <testcase name="verifySelectamount_smokeTesting" time="0.126" classname="emicalculator.Test.SmokeTest"/>
  <system-out/>
  <testcase name="verifyInterestRate_smokeTesting" time="0.140" classname="emicalculator.Test.SmokeTest"/>
  <system-out/>
  <testcase name="verifyTenure_smokeTesting" time="0.101" classname="emicalculator.Test.SmokeTest"/>
  <system-out/>
</testsuite> <!-- emicalculator.Test.SmokeTest -->
